0000000000	林儒
0000000001	吴芷
0000000002	周尚
0000000003	游昆
0000000004	哈哲
0000000005	胡韵
0000000006	黎旻
0000000007	张晗
0000000008	欧普
0000000009	翁诗
0000000010	麦兜
0000000011	杨明
0000000012	卢目
0000000013	蔡梦
0000000014	刘达
0000000015	刘明
0000000016	梁文
0000000017	黄耀
0000000018	周辉
0000000019	张汶
0000000020	刘惠
0000000021	张淑
0000000022	林坤
0000000023	汤华	
0000000024	周泽
0000000025	刘刚
0000000026	许志
0000000027	朱云
0000000028	张希
0000000029	阮鑫
0000000030	黄平
0000000031	王蒽
0000000032	郝淦
0000000033	李超
0000000034	王征
0000000035	海峰